<?xml version="1.0" encoding="UTF-8"?>
<coverage generated="1709451765413" clover="3.2.0">
  <project timestamp="1709451765414" name="All files">
    <metrics statements="38" coveredstatements="0" conditionals="0" coveredconditionals="0" methods="5" coveredmethods="0" elements="43" coveredelements="0" complexity="0" loc="38" ncloc="38" packages="2" files="4" classes="4"/>
    <package name="src">
      <metrics statements="15" coveredstatements="0" conditionals="0" coveredconditionals="0" methods="1" coveredmethods="0"/>
      <file name="App.vue" path="/home/masaya/source/game-todo/gt-front/src/App.vue">
        <metrics statements="14" coveredstatements="0" conditionals="0" coveredconditionals="0" methods="1" coveredmethods="0"/>
        <line num="4" count="0" type="stmt"/>
        <line num="5" count="0" type="stmt"/>
        <line num="8" count="0" type="stmt"/>
        <line num="31" count="0" type="stmt"/>
        <line num="33" count="0" type="stmt"/>
        <line num="34" count="0" type="stmt"/>
        <line num="37" count="0" type="stmt"/>
        <line num="38" count="0" type="stmt"/>
        <line num="39" count="0" type="stmt"/>
        <line num="40" count="0" type="stmt"/>
        <line num="45" count="0" type="stmt"/>
        <line num="46" count="0" type="stmt"/>
        <line num="47" count="0" type="stmt"/>
        <line num="50" count="0" type="stmt"/>
      </file>
      <file name="main.js" path="/home/masaya/source/game-todo/gt-front/src/main.js">
        <metrics statements="1" coveredstatements="0" conditionals="0" coveredconditionals="0" methods="0" coveredmethods="0"/>
        <line num="4" count="0" type="stmt"/>
      </file>
    </package>
    <package name="src.components">
      <metrics statements="23" coveredstatements="0" conditionals="0" coveredconditionals="0" methods="4" coveredmethods="0"/>
      <file name="HelloWorld.vue" path="/home/masaya/source/game-todo/gt-front/src/components/HelloWorld.vue">
        <metrics statements="11" coveredstatements="0" conditionals="0" coveredconditionals="0" methods="1" coveredmethods="0"/>
        <line num="4" count="0" type="stmt"/>
        <line num="7" count="0" type="stmt"/>
        <line num="8" count="0" type="stmt"/>
        <line num="14" count="0" type="stmt"/>
        <line num="16" count="0" type="stmt"/>
        <line num="19" count="0" type="stmt"/>
        <line num="20" count="0" type="stmt"/>
        <line num="21" count="0" type="stmt"/>
        <line num="24" count="0" type="stmt"/>
        <line num="26" count="0" type="stmt"/>
        <line num="27" count="0" type="stmt"/>
      </file>
      <file name="TodoList.vue" path="/home/masaya/source/game-todo/gt-front/src/components/TodoList.vue">
        <metrics statements="12" coveredstatements="0" conditionals="0" coveredconditionals="0" methods="3" coveredmethods="0"/>
        <line num="4" count="0" type="stmt"/>
        <line num="7" count="0" type="stmt"/>
        <line num="8" count="0" type="stmt"/>
        <line num="11" count="0" type="stmt"/>
        <line num="25" count="0" type="stmt"/>
        <line num="27" count="0" type="stmt"/>
        <line num="30" count="0" type="stmt"/>
        <line num="31" count="0" type="stmt"/>
        <line num="32" count="0" type="stmt"/>
        <line num="34" count="0" type="stmt"/>
        <line num="35" count="0" type="stmt"/>
        <line num="39" count="0" type="stmt"/>
      </file>
    </package>
  </project>
</coverage>
