{"/home/masaya/source/game-todo/gt-front/src/App.vue": {"path":"/home/masaya/source/game-todo/gt-front/src/App.vue","statementMap":{"0":{"start":{"line":4,"column":29},"end":{"line":4,"column":147}},"1":{"start":{"line":5,"column":0},"end":{"line":7,"column":3}},"2":{"start":{"line":8,"column":0},"end":{"line":8,"column":25}},"3":{"start":{"line":31,"column":0},"end":{"line":31,"column":13}},"4":{"start":{"line":33,"column":29},"end":{"line":33,"column":147}},"5":{"start":{"line":34,"column":0},"end":{"line":36,"column":3}},"6":{"start":{"line":37,"column":0},"end":{"line":37,"column":24}},"7":{"start":{"line":38,"column":11},"end":{"line":38,"column":25}},"8":{"start":{"line":39,"column":12},"end":{"line":39,"column":64}},"9":{"start":{"line":40,"column":32},"end":{"line":43,"column":26}},"10":{"start":{"line":45,"column":32},"end":{"line":45,"column":72}},"11":{"start":{"line":46,"column":30},"end":{"line":46,"column":68}},"12":{"start":{"line":47,"column":2},"end":{"line":49,"column":77}},"13":{"start":{"line":50,"column":2},"end":{"line":50,"column":49}}},"fnMap":{"0":{"name":"render","decl":{"start":{"line":44,"column":9},"end":{"line":44,"column":15}},"loc":{"start":{"line":44,"column":30},"end":{"line":50,"column":1}},"line":44}},"branchMap":{},"s":{"0":0,"1":0,"2":0,"3":0,"4":0,"5":0,"6":0,"7":0,"8":0,"9":0,"10":0,"11":0,"12":0,"13":0},"f":{"0":0},"b":{},"inputSourceMap":{"0":"{","1":"\"","2":"v","3":"e","4":"r","5":"s","6":"i","7":"o","8":"n","9":"\"","10":":","11":"3","12":",","13":"\"","14":"s","15":"o","16":"u","17":"r","18":"c","19":"e","20":"s","21":"\"","22":":","23":"[","24":"\"","25":"/","26":"h","27":"o","28":"m","29":"e","30":"/","31":"m","32":"a","33":"s","34":"a","35":"y","36":"a","37":"/","38":"s","39":"o","40":"u","41":"r","42":"c","43":"e","44":"/","45":"g","46":"a","47":"m","48":"e","49":"-","50":"t","51":"o","52":"d","53":"o","54":"/","55":"g","56":"t","57":"-","58":"f","59":"r","60":"o","61":"n","62":"t","63":"/","64":"s","65":"r","66":"c","67":"/","68":"A","69":"p","70":"p","71":".","72":"v","73":"u","74":"e","75":"\"","76":"]","77":",","78":"\"","79":"n","80":"a","81":"m","82":"e","83":"s","84":"\"","85":":","86":"[","87":"]","88":",","89":"\"","90":"m","91":"a","92":"p","93":"p","94":"i","95":"n","96":"g","97":"s","98":"\"","99":":","100":"\"","101":";","102":";","103":";","104":";","105":";","106":";","107":";","108":";","109":"A","110":"A","111":"O","112":"A","113":";","114":"A","115":"A","116":"A","117":"A","118":";","119":"A","120":"A","121":"A","122":"A","123":";","124":"A","125":"A","126":"C","127":"A","128":";","129":"A","130":"A","131":"A","132":"A","133":";","134":"A","135":"A","136":"A","137":"A","138":";","139":"A","140":"A","141":"A","142":"i","143":"D","144":";","145":"A","146":"A","147":"A","148":"A","149":",","150":"i","151":"C","152":"A","153":"E","154":"l","155":"C","156":";","157":"E","158":"A","159":"C","160":"b","161":",","162":"I","163":"A","164":"A","165":"I","166":",","167":"E","168":"A","169":"A","170":"E","171":",","172":"K","173":"A","174":"A","175":"K","176":";","177":"E","178":"A","179":"C","180":"X","181":",","182":"U","183":"A","184":"A","185":"U","186":",","187":"E","188":"A","189":"A","190":"E","191":";","192":"I","193":"A","194":"C","195":"V","196":",","197":"Q","198":"A","199":"A","200":"Q","201":";","202":"I","203":"A","204":"A","205":"R","206":";","207":"I","208":"A","209":"A","210":"A","211":";","212":"I","213":"A","214":"A","215":"A","216":";","217":"I","218":"A","219":"A","220":"A","221":",","222":"O","223":"A","224":"A","225":"Q","226":";","227":"I","228":"A","229":"C","230":"R","231":",","232":"U","233":"A","234":"A","235":"U","236":";","237":"I","238":"A","239":"A","240":"V","241":";","242":"I","243":"A","244":"A","245":"A","246":";","247":"I","248":"A","249":"A","250":"A","251":";","252":"I","253":"A","254":"A","255":"A","256":";","257":"E","258":"A","259":"C","260":"F","261":";","262":"A","263":"A","264":"C","265":"F","266":",","267":"C","268":"A","269":"A","270":"C","271":"\"","272":",","273":"\"","274":"f","275":"i","276":"l","277":"e","278":"\"","279":":","280":"\"","281":"/","282":"h","283":"o","284":"m","285":"e","286":"/","287":"m","288":"a","289":"s","290":"a","291":"y","292":"a","293":"/","294":"s","295":"o","296":"u","297":"r","298":"c","299":"e","300":"/","301":"g","302":"a","303":"m","304":"e","305":"-","306":"t","307":"o","308":"d","309":"o","310":"/","311":"g","312":"t","313":"-","314":"f","315":"r","316":"o","317":"n","318":"t","319":"/","320":"s","321":"r","322":"c","323":"/","324":"A","325":"p","326":"p","327":".","328":"v","329":"u","330":"e","331":"\"","332":",","333":"\"","334":"s","335":"o","336":"u","337":"r","338":"c","339":"e","340":"s","341":"C","342":"o","343":"n","344":"t","345":"e","346":"n","347":"t","348":"\"","349":":","350":"[","351":"\"","352":"<","353":"t","354":"e","355":"m","356":"p","357":"l","358":"a","359":"t","360":"e","361":">","362":"\\","363":"n","364":" ","365":" ","366":"<","367":"i","368":"m","369":"g","370":" ","371":"a","372":"l","373":"t","374":"=","375":"\\","376":"\"","377":"V","378":"u","379":"e","380":" ","381":"l","382":"o","383":"g","384":"o","385":"\\","386":"\"","387":" ","388":"s","389":"r","390":"c","391":"=","392":"\\","393":"\"","394":".","395":"/","396":"a","397":"s","398":"s","399":"e","400":"t","401":"s","402":"/","403":"l","404":"o","405":"g","406":"o","407":".","408":"p","409":"n","410":"g","411":"\\","412":"\"","413":">","414":"\\","415":"n","416":" ","417":" ","418":"<","419":"H","420":"e","421":"l","422":"l","423":"o","424":"W","425":"o","426":"r","427":"l","428":"d","429":" ","430":"m","431":"s","432":"g","433":"=","434":"\\","435":"\"","436":"W","437":"e","438":"l","439":"c","440":"o","441":"m","442":"e","443":" ","444":"t","445":"o","446":" ","447":"Y","448":"o","449":"u","450":"r","451":" ","452":"V","453":"u","454":"e","455":".","456":"j","457":"s","458":" ","459":"A","460":"p","461":"p","462":"\\","463":"\"","464":"/","465":">","466":"\\","467":"n","468":" ","469":" ","470":"<","471":"T","472":"o","473":"d","474":"o","475":"L","476":"i","477":"s","478":"t","479":" ","480":"/","481":">","482":"\\","483":"n","484":"<","485":"/","486":"t","487":"e","488":"m","489":"p","490":"l","491":"a","492":"t","493":"e","494":">","495":"\\","496":"n","497":"\\","498":"n","499":"<","500":"s","501":"c","502":"r","503":"i","504":"p","505":"t","506":">","507":"\\","508":"n","509":"i","510":"m","511":"p","512":"o","513":"r","514":"t","515":" ","516":"H","517":"e","518":"l","519":"l","520":"o","521":"W","522":"o","523":"r","524":"l","525":"d","526":" ","527":"f","528":"r","529":"o","530":"m","531":" ","532":"'","533":".","534":"/","535":"c","536":"o","537":"m","538":"p","539":"o","540":"n","541":"e","542":"n","543":"t","544":"s","545":"/","546":"H","547":"e","548":"l","549":"l","550":"o","551":"W","552":"o","553":"r","554":"l","555":"d","556":".","557":"v","558":"u","559":"e","560":"'","561":"\\","562":"n","563":"i","564":"m","565":"p","566":"o","567":"r","568":"t","569":" ","570":"T","571":"o","572":"d","573":"o","574":"L","575":"i","576":"s","577":"t","578":" ","579":"f","580":"r","581":"o","582":"m","583":" ","584":"\\","585":"\"","586":"@","587":"/","588":"c","589":"o","590":"m","591":"p","592":"o","593":"n","594":"e","595":"n","596":"t","597":"s","598":"/","599":"T","600":"o","601":"d","602":"o","603":"L","604":"i","605":"s","606":"t","607":".","608":"v","609":"u","610":"e","611":"\\","612":"\"","613":";","614":"\\","615":"n","616":"\\","617":"n","618":"e","619":"x","620":"p","621":"o","622":"r","623":"t","624":" ","625":"d","626":"e","627":"f","628":"a","629":"u","630":"l","631":"t","632":" ","633":"{","634":"\\","635":"n","636":" ","637":" ","638":"n","639":"a","640":"m","641":"e","642":":","643":" ","644":"'","645":"A","646":"p","647":"p","648":"'","649":",","650":"\\","651":"n","652":" ","653":" ","654":"c","655":"o","656":"m","657":"p","658":"o","659":"n","660":"e","661":"n","662":"t","663":"s","664":":","665":" ","666":"{","667":"\\","668":"n","669":" ","670":" ","671":" ","672":" ","673":"T","674":"o","675":"d","676":"o","677":"L","678":"i","679":"s","680":"t","681":",","682":"\\","683":"n","684":" ","685":" ","686":" ","687":" ","688":"H","689":"e","690":"l","691":"l","692":"o","693":"W","694":"o","695":"r","696":"l","697":"d","698":"\\","699":"n","700":" ","701":" ","702":"}","703":"\\","704":"n","705":"}","706":"\\","707":"n","708":"<","709":"/","710":"s","711":"c","712":"r","713":"i","714":"p","715":"t","716":">","717":"\\","718":"n","719":"\\","720":"n","721":"<","722":"s","723":"t","724":"y","725":"l","726":"e","727":">","728":"\\","729":"n","730":"#","731":"a","732":"p","733":"p","734":" ","735":"{","736":"\\","737":"n","738":" ","739":" ","740":"f","741":"o","742":"n","743":"t","744":"-","745":"f","746":"a","747":"m","748":"i","749":"l","750":"y","751":":","752":" ","753":"A","754":"v","755":"e","756":"n","757":"i","758":"r","759":",","760":" ","761":"H","762":"e","763":"l","764":"v","765":"e","766":"t","767":"i","768":"c","769":"a","770":",","771":" ","772":"A","773":"r","774":"i","775":"a","776":"l","777":",","778":" ","779":"s","780":"a","781":"n","782":"s","783":"-","784":"s","785":"e","786":"r","787":"i","788":"f","789":";","790":"\\","791":"n","792":" ","793":" ","794":"-","795":"w","796":"e","797":"b","798":"k","799":"i","800":"t","801":"-","802":"f","803":"o","804":"n","805":"t","806":"-","807":"s","808":"m","809":"o","810":"o","811":"t","812":"h","813":"i","814":"n","815":"g","816":":","817":" ","818":"a","819":"n","820":"t","821":"i","822":"a","823":"l","824":"i","825":"a","826":"s","827":"e","828":"d","829":";","830":"\\","831":"n","832":" ","833":" ","834":"-","835":"m","836":"o","837":"z","838":"-","839":"o","840":"s","841":"x","842":"-","843":"f","844":"o","845":"n","846":"t","847":"-","848":"s","849":"m","850":"o","851":"o","852":"t","853":"h","854":"i","855":"n","856":"g","857":":","858":" ","859":"g","860":"r","861":"a","862":"y","863":"s","864":"c","865":"a","866":"l","867":"e","868":";","869":"\\","870":"n","871":" ","872":" ","873":"t","874":"e","875":"x","876":"t","877":"-","878":"a","879":"l","880":"i","881":"g","882":"n","883":":","884":" ","885":"c","886":"e","887":"n","888":"t","889":"e","890":"r","891":";","892":"\\","893":"n","894":" ","895":" ","896":"c","897":"o","898":"l","899":"o","900":"r","901":":","902":" ","903":"#","904":"2","905":"c","906":"3","907":"e","908":"5","909":"0","910":";","911":"\\","912":"n","913":" ","914":" ","915":"m","916":"a","917":"r","918":"g","919":"i","920":"n","921":"-","922":"t","923":"o","924":"p","925":":","926":" ","927":"6","928":"0","929":"p","930":"x","931":";","932":"\\","933":"n","934":"}","935":"\\","936":"n","937":"<","938":"/","939":"s","940":"t","941":"y","942":"l","943":"e","944":">","945":"\\","946":"n","947":"\"","948":"]","949":"}"}}
,"/home/masaya/source/game-todo/gt-front/src/main.js": {"path":"/home/masaya/source/game-todo/gt-front/src/main.js","statementMap":{"0":{"start":{"line":4,"column":0},"end":{"line":4,"column":28}}},"fnMap":{},"branchMap":{},"s":{"0":0},"f":{},"b":{}}
,"/home/masaya/source/game-todo/gt-front/src/components/HelloWorld.vue": {"path":"/home/masaya/source/game-todo/gt-front/src/components/HelloWorld.vue","statementMap":{"0":{"start":{"line":4,"column":0},"end":{"line":6,"column":3}},"1":{"start":{"line":7,"column":0},"end":{"line":7,"column":25}},"2":{"start":{"line":8,"column":15},"end":{"line":13,"column":1}},"3":{"start":{"line":14,"column":0},"end":{"line":14,"column":13}},"4":{"start":{"line":16,"column":0},"end":{"line":18,"column":3}},"5":{"start":{"line":19,"column":0},"end":{"line":19,"column":24}},"6":{"start":{"line":20,"column":11},"end":{"line":20,"column":25}},"7":{"start":{"line":21,"column":19},"end":{"line":23,"column":1}},"8":{"start":{"line":24,"column":32},"end":{"line":24,"column":1604}},"9":{"start":{"line":26,"column":2},"end":{"line":26,"column":187}},"10":{"start":{"line":27,"column":2},"end":{"line":27,"column":49}}},"fnMap":{"0":{"name":"render","decl":{"start":{"line":25,"column":9},"end":{"line":25,"column":15}},"loc":{"start":{"line":25,"column":30},"end":{"line":27,"column":1}},"line":25}},"branchMap":{},"s":{"0":0,"1":0,"2":0,"3":0,"4":0,"5":0,"6":0,"7":0,"8":0,"9":0,"10":0},"f":{"0":0},"b":{},"inputSourceMap":{"0":"{","1":"\"","2":"v","3":"e","4":"r","5":"s","6":"i","7":"o","8":"n","9":"\"","10":":","11":"3","12":",","13":"\"","14":"s","15":"o","16":"u","17":"r","18":"c","19":"e","20":"s","21":"\"","22":":","23":"[","24":"\"","25":"/","26":"h","27":"o","28":"m","29":"e","30":"/","31":"m","32":"a","33":"s","34":"a","35":"y","36":"a","37":"/","38":"s","39":"o","40":"u","41":"r","42":"c","43":"e","44":"/","45":"g","46":"a","47":"m","48":"e","49":"-","50":"t","51":"o","52":"d","53":"o","54":"/","55":"g","56":"t","57":"-","58":"f","59":"r","60":"o","61":"n","62":"t","63":"/","64":"s","65":"r","66":"c","67":"/","68":"c","69":"o","70":"m","71":"p","72":"o","73":"n","74":"e","75":"n","76":"t","77":"s","78":"/","79":"H","80":"e","81":"l","82":"l","83":"o","84":"W","85":"o","86":"r","87":"l","88":"d","89":".","90":"v","91":"u","92":"e","93":"\"","94":"]","95":",","96":"\"","97":"n","98":"a","99":"m","100":"e","101":"s","102":"\"","103":":","104":"[","105":"]","106":",","107":"\"","108":"m","109":"a","110":"p","111":"p","112":"i","113":"n","114":"g","115":"s","116":"\"","117":":","118":"\"","119":";","120":";","121":";","122":";","123":";","124":";","125":";","126":"i","127":"C","128":"A","129":"i","130":"C","131":"e","132":";","133":"E","134":"A","135":"C","136":"b","137":",","138":"I","139":"A","140":"A","141":"I","142":",","143":"E","144":"A","145":"A","146":"E","147":",","148":"Y","149":"A","150":"A","151":"Y","152":";","153":"E","154":"A","155":"C","156":"l","157":"B","158":",","159":"K","160":"A","161":"A","162":"K","163":",","164":"E","165":"A","166":"A","167":"E","168":";","169":"I","170":"A","171":"C","172":"L","173":",","174":"G","175":"A","176":"A","177":"G","178":",","179":"E","180":"A","181":"A","182":"E","183":";","184":"E","185":"A","186":"C","187":"P","188":";","189":"A","190":"A","191":"C","192":"F","193":",","194":"C","195":"A","196":"A","197":"C","198":"\"","199":",","200":"\"","201":"f","202":"i","203":"l","204":"e","205":"\"","206":":","207":"\"","208":"/","209":"h","210":"o","211":"m","212":"e","213":"/","214":"m","215":"a","216":"s","217":"a","218":"y","219":"a","220":"/","221":"s","222":"o","223":"u","224":"r","225":"c","226":"e","227":"/","228":"g","229":"a","230":"m","231":"e","232":"-","233":"t","234":"o","235":"d","236":"o","237":"/","238":"g","239":"t","240":"-","241":"f","242":"r","243":"o","244":"n","245":"t","246":"/","247":"s","248":"r","249":"c","250":"/","251":"c","252":"o","253":"m","254":"p","255":"o","256":"n","257":"e","258":"n","259":"t","260":"s","261":"/","262":"H","263":"e","264":"l","265":"l","266":"o","267":"W","268":"o","269":"r","270":"l","271":"d","272":".","273":"v","274":"u","275":"e","276":"\"","277":",","278":"\"","279":"s","280":"o","281":"u","282":"r","283":"c","284":"e","285":"s","286":"C","287":"o","288":"n","289":"t","290":"e","291":"n","292":"t","293":"\"","294":":","295":"[","296":"\"","297":"<","298":"t","299":"e","300":"m","301":"p","302":"l","303":"a","304":"t","305":"e","306":">","307":"\\","308":"n","309":" ","310":" ","311":"<","312":"d","313":"i","314":"v","315":" ","316":"c","317":"l","318":"a","319":"s","320":"s","321":"=","322":"\\","323":"\"","324":"h","325":"e","326":"l","327":"l","328":"o","329":"\\","330":"\"","331":">","332":"\\","333":"n","334":" ","335":" ","336":" ","337":" ","338":"<","339":"h","340":"1","341":">","342":"{","343":"{","344":" ","345":"m","346":"s","347":"g","348":" ","349":"}","350":"}","351":"<","352":"/","353":"h","354":"1","355":">","356":"\\","357":"n","358":" ","359":" ","360":" ","361":" ","362":"<","363":"p","364":">","365":"\\","366":"n","367":" ","368":" ","369":" ","370":" ","371":" ","372":" ","373":"F","374":"o","375":"r","376":" ","377":"a","378":" ","379":"g","380":"u","381":"i","382":"d","383":"e","384":" ","385":"a","386":"n","387":"d","388":" ","389":"r","390":"e","391":"c","392":"i","393":"p","394":"e","395":"s","396":" ","397":"o","398":"n","399":" ","400":"h","401":"o","402":"w","403":" ","404":"t","405":"o","406":" ","407":"c","408":"o","409":"n","410":"f","411":"i","412":"g","413":"u","414":"r","415":"e","416":" ","417":"/","418":" ","419":"c","420":"u","421":"s","422":"t","423":"o","424":"m","425":"i","426":"z","427":"e","428":" ","429":"t","430":"h","431":"i","432":"s","433":" ","434":"p","435":"r","436":"o","437":"j","438":"e","439":"c","440":"t","441":",","442":"<","443":"b","444":"r","445":">","446":"\\","447":"n","448":" ","449":" ","450":" ","451":" ","452":" ","453":" ","454":"c","455":"h","456":"e","457":"c","458":"k","459":" ","460":"o","461":"u","462":"t","463":" ","464":"t","465":"h","466":"e","467":"\\","468":"n","469":" ","470":" ","471":" ","472":" ","473":" ","474":" ","475":"<","476":"a","477":" ","478":"h","479":"r","480":"e","481":"f","482":"=","483":"\\","484":"\"","485":"h","486":"t","487":"t","488":"p","489":"s","490":":","491":"/","492":"/","493":"c","494":"l","495":"i","496":".","497":"v","498":"u","499":"e","500":"j","501":"s","502":".","503":"o","504":"r","505":"g","506":"\\","507":"\"","508":" ","509":"t","510":"a","511":"r","512":"g","513":"e","514":"t","515":"=","516":"\\","517":"\"","518":"_","519":"b","520":"l","521":"a","522":"n","523":"k","524":"\\","525":"\"","526":" ","527":"r","528":"e","529":"l","530":"=","531":"\\","532":"\"","533":"n","534":"o","535":"o","536":"p","537":"e","538":"n","539":"e","540":"r","541":"\\","542":"\"","543":">","544":"v","545":"u","546":"e","547":"-","548":"c","549":"l","550":"i","551":" ","552":"d","553":"o","554":"c","555":"u","556":"m","557":"e","558":"n","559":"t","560":"a","561":"t","562":"i","563":"o","564":"n","565":"<","566":"/","567":"a","568":">","569":".","570":"\\","571":"n","572":" ","573":" ","574":" ","575":" ","576":"<","577":"/","578":"p","579":">","580":"\\","581":"n","582":" ","583":" ","584":" ","585":" ","586":"<","587":"h","588":"3","589":">","590":"I","591":"n","592":"s","593":"t","594":"a","595":"l","596":"l","597":"e","598":"d","599":" ","600":"C","601":"L","602":"I","603":" ","604":"P","605":"l","606":"u","607":"g","608":"i","609":"n","610":"s","611":"<","612":"/","613":"h","614":"3","615":">","616":"\\","617":"n","618":" ","619":" ","620":" ","621":" ","622":"<","623":"u","624":"l","625":">","626":"\\","627":"n","628":" ","629":" ","630":" ","631":" ","632":" ","633":" ","634":"<","635":"l","636":"i","637":">","638":"<","639":"a","640":" ","641":"h","642":"r","643":"e","644":"f","645":"=","646":"\\","647":"\"","648":"h","649":"t","650":"t","651":"p","652":"s","653":":","654":"/","655":"/","656":"g","657":"i","658":"t","659":"h","660":"u","661":"b","662":".","663":"c","664":"o","665":"m","666":"/","667":"v","668":"u","669":"e","670":"j","671":"s","672":"/","673":"v","674":"u","675":"e","676":"-","677":"c","678":"l","679":"i","680":"/","681":"t","682":"r","683":"e","684":"e","685":"/","686":"d","687":"e","688":"v","689":"/","690":"p","691":"a","692":"c","693":"k","694":"a","695":"g","696":"e","697":"s","698":"/","699":"%","700":"4","701":"0","702":"v","703":"u","704":"e","705":"/","706":"c","707":"l","708":"i","709":"-","710":"p","711":"l","712":"u","713":"g","714":"i","715":"n","716":"-","717":"b","718":"a","719":"b","720":"e","721":"l","722":"\\","723":"\"","724":" ","725":"t","726":"a","727":"r","728":"g","729":"e","730":"t","731":"=","732":"\\","733":"\"","734":"_","735":"b","736":"l","737":"a","738":"n","739":"k","740":"\\","741":"\"","742":" ","743":"r","744":"e","745":"l","746":"=","747":"\\","748":"\"","749":"n","750":"o","751":"o","752":"p","753":"e","754":"n","755":"e","756":"r","757":"\\","758":"\"","759":">","760":"b","761":"a","762":"b","763":"e","764":"l","765":"<","766":"/","767":"a","768":">","769":"<","770":"/","771":"l","772":"i","773":">","774":"\\","775":"n","776":" ","777":" ","778":" ","779":" ","780":" ","781":" ","782":"<","783":"l","784":"i","785":">","786":"<","787":"a","788":" ","789":"h","790":"r","791":"e","792":"f","793":"=","794":"\\","795":"\"","796":"h","797":"t","798":"t","799":"p","800":"s","801":":","802":"/","803":"/","804":"g","805":"i","806":"t","807":"h","808":"u","809":"b","810":".","811":"c","812":"o","813":"m","814":"/","815":"v","816":"u","817":"e","818":"j","819":"s","820":"/","821":"v","822":"u","823":"e","824":"-","825":"c","826":"l","827":"i","828":"/","829":"t","830":"r","831":"e","832":"e","833":"/","834":"d","835":"e","836":"v","837":"/","838":"p","839":"a","840":"c","841":"k","842":"a","843":"g","844":"e","845":"s","846":"/","847":"%","848":"4","849":"0","850":"v","851":"u","852":"e","853":"/","854":"c","855":"l","856":"i","857":"-","858":"p","859":"l","860":"u","861":"g","862":"i","863":"n","864":"-","865":"e","866":"s","867":"l","868":"i","869":"n","870":"t","871":"\\","872":"\"","873":" ","874":"t","875":"a","876":"r","877":"g","878":"e","879":"t","880":"=","881":"\\","882":"\"","883":"_","884":"b","885":"l","886":"a","887":"n","888":"k","889":"\\","890":"\"","891":" ","892":"r","893":"e","894":"l","895":"=","896":"\\","897":"\"","898":"n","899":"o","900":"o","901":"p","902":"e","903":"n","904":"e","905":"r","906":"\\","907":"\"","908":">","909":"e","910":"s","911":"l","912":"i","913":"n","914":"t","915":"<","916":"/","917":"a","918":">","919":"<","920":"/","921":"l","922":"i","923":">","924":"\\","925":"n","926":" ","927":" ","928":" ","929":" ","930":"<","931":"/","932":"u","933":"l","934":">","935":"\\","936":"n","937":" ","938":" ","939":" ","940":" ","941":"<","942":"h","943":"3","944":">","945":"E","946":"s","947":"s","948":"e","949":"n","950":"t","951":"i","952":"a","953":"l","954":" ","955":"L","956":"i","957":"n","958":"k","959":"s","960":"<","961":"/","962":"h","963":"3","964":">","965":"\\","966":"n","967":" ","968":" ","969":" ","970":" ","971":"<","972":"u","973":"l","974":">","975":"\\","976":"n","977":" ","978":" ","979":" ","980":" ","981":" ","982":" ","983":"<","984":"l","985":"i","986":">","987":"<","988":"a","989":" ","990":"h","991":"r","992":"e","993":"f","994":"=","995":"\\","996":"\"","997":"h","998":"t","999":"t","1000":"p","1001":"s","1002":":","1003":"/","1004":"/","1005":"v","1006":"u","1007":"e","1008":"j","1009":"s","1010":".","1011":"o","1012":"r","1013":"g","1014":"\\","1015":"\"","1016":" ","1017":"t","1018":"a","1019":"r","1020":"g","1021":"e","1022":"t","1023":"=","1024":"\\","1025":"\"","1026":"_","1027":"b","1028":"l","1029":"a","1030":"n","1031":"k","1032":"\\","1033":"\"","1034":" ","1035":"r","1036":"e","1037":"l","1038":"=","1039":"\\","1040":"\"","1041":"n","1042":"o","1043":"o","1044":"p","1045":"e","1046":"n","1047":"e","1048":"r","1049":"\\","1050":"\"","1051":">","1052":"C","1053":"o","1054":"r","1055":"e","1056":" ","1057":"D","1058":"o","1059":"c","1060":"s","1061":"<","1062":"/","1063":"a","1064":">","1065":"<","1066":"/","1067":"l","1068":"i","1069":">","1070":"\\","1071":"n","1072":" ","1073":" ","1074":" ","1075":" ","1076":" ","1077":" ","1078":"<","1079":"l","1080":"i","1081":">","1082":"<","1083":"a","1084":" ","1085":"h","1086":"r","1087":"e","1088":"f","1089":"=","1090":"\\","1091":"\"","1092":"h","1093":"t","1094":"t","1095":"p","1096":"s","1097":":","1098":"/","1099":"/","1100":"f","1101":"o","1102":"r","1103":"u","1104":"m","1105":".","1106":"v","1107":"u","1108":"e","1109":"j","1110":"s","1111":".","1112":"o","1113":"r","1114":"g","1115":"\\","1116":"\"","1117":" ","1118":"t","1119":"a","1120":"r","1121":"g","1122":"e","1123":"t","1124":"=","1125":"\\","1126":"\"","1127":"_","1128":"b","1129":"l","1130":"a","1131":"n","1132":"k","1133":"\\","1134":"\"","1135":" ","1136":"r","1137":"e","1138":"l","1139":"=","1140":"\\","1141":"\"","1142":"n","1143":"o","1144":"o","1145":"p","1146":"e","1147":"n","1148":"e","1149":"r","1150":"\\","1151":"\"","1152":">","1153":"F","1154":"o","1155":"r","1156":"u","1157":"m","1158":"<","1159":"/","1160":"a","1161":">","1162":"<","1163":"/","1164":"l","1165":"i","1166":">","1167":"\\","1168":"n","1169":" ","1170":" ","1171":" ","1172":" ","1173":" ","1174":" ","1175":"<","1176":"l","1177":"i","1178":">","1179":"<","1180":"a","1181":" ","1182":"h","1183":"r","1184":"e","1185":"f","1186":"=","1187":"\\","1188":"\"","1189":"h","1190":"t","1191":"t","1192":"p","1193":"s","1194":":","1195":"/","1196":"/","1197":"c","1198":"h","1199":"a","1200":"t","1201":".","1202":"v","1203":"u","1204":"e","1205":"j","1206":"s","1207":".","1208":"o","1209":"r","1210":"g","1211":"\\","1212":"\"","1213":" ","1214":"t","1215":"a","1216":"r","1217":"g","1218":"e","1219":"t","1220":"=","1221":"\\","1222":"\"","1223":"_","1224":"b","1225":"l","1226":"a","1227":"n","1228":"k","1229":"\\","1230":"\"","1231":" ","1232":"r","1233":"e","1234":"l","1235":"=","1236":"\\","1237":"\"","1238":"n","1239":"o","1240":"o","1241":"p","1242":"e","1243":"n","1244":"e","1245":"r","1246":"\\","1247":"\"","1248":">","1249":"C","1250":"o","1251":"m","1252":"m","1253":"u","1254":"n","1255":"i","1256":"t","1257":"y","1258":" ","1259":"C","1260":"h","1261":"a","1262":"t","1263":"<","1264":"/","1265":"a","1266":">","1267":"<","1268":"/","1269":"l","1270":"i","1271":">","1272":"\\","1273":"n","1274":" ","1275":" ","1276":" ","1277":" ","1278":" ","1279":" ","1280":"<","1281":"l","1282":"i","1283":">","1284":"<","1285":"a","1286":" ","1287":"h","1288":"r","1289":"e","1290":"f","1291":"=","1292":"\\","1293":"\"","1294":"h","1295":"t","1296":"t","1297":"p","1298":"s","1299":":","1300":"/","1301":"/","1302":"t","1303":"w","1304":"i","1305":"t","1306":"t","1307":"e","1308":"r","1309":".","1310":"c","1311":"o","1312":"m","1313":"/","1314":"v","1315":"u","1316":"e","1317":"j","1318":"s","1319":"\\","1320":"\"","1321":" ","1322":"t","1323":"a","1324":"r","1325":"g","1326":"e","1327":"t","1328":"=","1329":"\\","1330":"\"","1331":"_","1332":"b","1333":"l","1334":"a","1335":"n","1336":"k","1337":"\\","1338":"\"","1339":" ","1340":"r","1341":"e","1342":"l","1343":"=","1344":"\\","1345":"\"","1346":"n","1347":"o","1348":"o","1349":"p","1350":"e","1351":"n","1352":"e","1353":"r","1354":"\\","1355":"\"","1356":">","1357":"T","1358":"w","1359":"i","1360":"t","1361":"t","1362":"e","1363":"r","1364":"<","1365":"/","1366":"a","1367":">","1368":"<","1369":"/","1370":"l","1371":"i","1372":">","1373":"\\","1374":"n","1375":" ","1376":" ","1377":" ","1378":" ","1379":" ","1380":" ","1381":"<","1382":"l","1383":"i","1384":">","1385":"<","1386":"a","1387":" ","1388":"h","1389":"r","1390":"e","1391":"f","1392":"=","1393":"\\","1394":"\"","1395":"h","1396":"t","1397":"t","1398":"p","1399":"s","1400":":","1401":"/","1402":"/","1403":"n","1404":"e","1405":"w","1406":"s","1407":".","1408":"v","1409":"u","1410":"e","1411":"j","1412":"s","1413":".","1414":"o","1415":"r","1416":"g","1417":"\\","1418":"\"","1419":" ","1420":"t","1421":"a","1422":"r","1423":"g","1424":"e","1425":"t","1426":"=","1427":"\\","1428":"\"","1429":"_","1430":"b","1431":"l","1432":"a","1433":"n","1434":"k","1435":"\\","1436":"\"","1437":" ","1438":"r","1439":"e","1440":"l","1441":"=","1442":"\\","1443":"\"","1444":"n","1445":"o","1446":"o","1447":"p","1448":"e","1449":"n","1450":"e","1451":"r","1452":"\\","1453":"\"","1454":">","1455":"N","1456":"e","1457":"w","1458":"s","1459":"<","1460":"/","1461":"a","1462":">","1463":"<","1464":"/","1465":"l","1466":"i","1467":">","1468":"\\","1469":"n","1470":" ","1471":" ","1472":" ","1473":" ","1474":"<","1475":"/","1476":"u","1477":"l","1478":">","1479":"\\","1480":"n","1481":" ","1482":" ","1483":" ","1484":" ","1485":"<","1486":"h","1487":"3","1488":">","1489":"E","1490":"c","1491":"o","1492":"s","1493":"y","1494":"s","1495":"t","1496":"e","1497":"m","1498":"<","1499":"/","1500":"h","1501":"3","1502":">","1503":"\\","1504":"n","1505":" ","1506":" ","1507":" ","1508":" ","1509":"<","1510":"u","1511":"l","1512":">","1513":"\\","1514":"n","1515":" ","1516":" ","1517":" ","1518":" ","1519":" ","1520":" ","1521":"<","1522":"l","1523":"i","1524":">","1525":"<","1526":"a","1527":" ","1528":"h","1529":"r","1530":"e","1531":"f","1532":"=","1533":"\\","1534":"\"","1535":"h","1536":"t","1537":"t","1538":"p","1539":"s","1540":":","1541":"/","1542":"/","1543":"r","1544":"o","1545":"u","1546":"t","1547":"e","1548":"r","1549":".","1550":"v","1551":"u","1552":"e","1553":"j","1554":"s","1555":".","1556":"o","1557":"r","1558":"g","1559":"\\","1560":"\"","1561":" ","1562":"t","1563":"a","1564":"r","1565":"g","1566":"e","1567":"t","1568":"=","1569":"\\","1570":"\"","1571":"_","1572":"b","1573":"l","1574":"a","1575":"n","1576":"k","1577":"\\","1578":"\"","1579":" ","1580":"r","1581":"e","1582":"l","1583":"=","1584":"\\","1585":"\"","1586":"n","1587":"o","1588":"o","1589":"p","1590":"e","1591":"n","1592":"e","1593":"r","1594":"\\","1595":"\"","1596":">","1597":"v","1598":"u","1599":"e","1600":"-","1601":"r","1602":"o","1603":"u","1604":"t","1605":"e","1606":"r","1607":"<","1608":"/","1609":"a","1610":">","1611":"<","1612":"/","1613":"l","1614":"i","1615":">","1616":"\\","1617":"n","1618":" ","1619":" ","1620":" ","1621":" ","1622":" ","1623":" ","1624":"<","1625":"l","1626":"i","1627":">","1628":"<","1629":"a","1630":" ","1631":"h","1632":"r","1633":"e","1634":"f","1635":"=","1636":"\\","1637":"\"","1638":"h","1639":"t","1640":"t","1641":"p","1642":"s","1643":":","1644":"/","1645":"/","1646":"v","1647":"u","1648":"e","1649":"x","1650":".","1651":"v","1652":"u","1653":"e","1654":"j","1655":"s","1656":".","1657":"o","1658":"r","1659":"g","1660":"\\","1661":"\"","1662":" ","1663":"t","1664":"a","1665":"r","1666":"g","1667":"e","1668":"t","1669":"=","1670":"\\","1671":"\"","1672":"_","1673":"b","1674":"l","1675":"a","1676":"n","1677":"k","1678":"\\","1679":"\"","1680":" ","1681":"r","1682":"e","1683":"l","1684":"=","1685":"\\","1686":"\"","1687":"n","1688":"o","1689":"o","1690":"p","1691":"e","1692":"n","1693":"e","1694":"r","1695":"\\","1696":"\"","1697":">","1698":"v","1699":"u","1700":"e","1701":"x","1702":"<","1703":"/","1704":"a","1705":">","1706":"<","1707":"/","1708":"l","1709":"i","1710":">","1711":"\\","1712":"n","1713":" ","1714":" ","1715":" ","1716":" ","1717":" ","1718":" ","1719":"<","1720":"l","1721":"i","1722":">","1723":"<","1724":"a","1725":" ","1726":"h","1727":"r","1728":"e","1729":"f","1730":"=","1731":"\\","1732":"\"","1733":"h","1734":"t","1735":"t","1736":"p","1737":"s","1738":":","1739":"/","1740":"/","1741":"g","1742":"i","1743":"t","1744":"h","1745":"u","1746":"b","1747":".","1748":"c","1749":"o","1750":"m","1751":"/","1752":"v","1753":"u","1754":"e","1755":"j","1756":"s","1757":"/","1758":"v","1759":"u","1760":"e","1761":"-","1762":"d","1763":"e","1764":"v","1765":"t","1766":"o","1767":"o","1768":"l","1769":"s","1770":"#","1771":"v","1772":"u","1773":"e","1774":"-","1775":"d","1776":"e","1777":"v","1778":"t","1779":"o","1780":"o","1781":"l","1782":"s","1783":"\\","1784":"\"","1785":" ","1786":"t","1787":"a","1788":"r","1789":"g","1790":"e","1791":"t","1792":"=","1793":"\\","1794":"\"","1795":"_","1796":"b","1797":"l","1798":"a","1799":"n","1800":"k","1801":"\\","1802":"\"","1803":" ","1804":"r","1805":"e","1806":"l","1807":"=","1808":"\\","1809":"\"","1810":"n","1811":"o","1812":"o","1813":"p","1814":"e","1815":"n","1816":"e","1817":"r","1818":"\\","1819":"\"","1820":">","1821":"v","1822":"u","1823":"e","1824":"-","1825":"d","1826":"e","1827":"v","1828":"t","1829":"o","1830":"o","1831":"l","1832":"s","1833":"<","1834":"/","1835":"a","1836":">","1837":"<","1838":"/","1839":"l","1840":"i","1841":">","1842":"\\","1843":"n","1844":" ","1845":" ","1846":" ","1847":" ","1848":" ","1849":" ","1850":"<","1851":"l","1852":"i","1853":">","1854":"<","1855":"a","1856":" ","1857":"h","1858":"r","1859":"e","1860":"f","1861":"=","1862":"\\","1863":"\"","1864":"h","1865":"t","1866":"t","1867":"p","1868":"s","1869":":","1870":"/","1871":"/","1872":"v","1873":"u","1874":"e","1875":"-","1876":"l","1877":"o","1878":"a","1879":"d","1880":"e","1881":"r","1882":".","1883":"v","1884":"u","1885":"e","1886":"j","1887":"s","1888":".","1889":"o","1890":"r","1891":"g","1892":"\\","1893":"\"","1894":" ","1895":"t","1896":"a","1897":"r","1898":"g","1899":"e","1900":"t","1901":"=","1902":"\\","1903":"\"","1904":"_","1905":"b","1906":"l","1907":"a","1908":"n","1909":"k","1910":"\\","1911":"\"","1912":" ","1913":"r","1914":"e","1915":"l","1916":"=","1917":"\\","1918":"\"","1919":"n","1920":"o","1921":"o","1922":"p","1923":"e","1924":"n","1925":"e","1926":"r","1927":"\\","1928":"\"","1929":">","1930":"v","1931":"u","1932":"e","1933":"-","1934":"l","1935":"o","1936":"a","1937":"d","1938":"e","1939":"r","1940":"<","1941":"/","1942":"a","1943":">","1944":"<","1945":"/","1946":"l","1947":"i","1948":">","1949":"\\","1950":"n","1951":" ","1952":" ","1953":" ","1954":" ","1955":" ","1956":" ","1957":"<","1958":"l","1959":"i","1960":">","1961":"<","1962":"a","1963":" ","1964":"h","1965":"r","1966":"e","1967":"f","1968":"=","1969":"\\","1970":"\"","1971":"h","1972":"t","1973":"t","1974":"p","1975":"s","1976":":","1977":"/","1978":"/","1979":"g","1980":"i","1981":"t","1982":"h","1983":"u","1984":"b","1985":".","1986":"c","1987":"o","1988":"m","1989":"/","1990":"v","1991":"u","1992":"e","1993":"j","1994":"s","1995":"/","1996":"a","1997":"w","1998":"e","1999":"s","2000":"o","2001":"m","2002":"e","2003":"-","2004":"v","2005":"u","2006":"e","2007":"\\","2008":"\"","2009":" ","2010":"t","2011":"a","2012":"r","2013":"g","2014":"e","2015":"t","2016":"=","2017":"\\","2018":"\"","2019":"_","2020":"b","2021":"l","2022":"a","2023":"n","2024":"k","2025":"\\","2026":"\"","2027":" ","2028":"r","2029":"e","2030":"l","2031":"=","2032":"\\","2033":"\"","2034":"n","2035":"o","2036":"o","2037":"p","2038":"e","2039":"n","2040":"e","2041":"r","2042":"\\","2043":"\"","2044":">","2045":"a","2046":"w","2047":"e","2048":"s","2049":"o","2050":"m","2051":"e","2052":"-","2053":"v","2054":"u","2055":"e","2056":"<","2057":"/","2058":"a","2059":">","2060":"<","2061":"/","2062":"l","2063":"i","2064":">","2065":"\\","2066":"n","2067":" ","2068":" ","2069":" ","2070":" ","2071":"<","2072":"/","2073":"u","2074":"l","2075":">","2076":"\\","2077":"n","2078":" ","2079":" ","2080":"<","2081":"/","2082":"d","2083":"i","2084":"v","2085":">","2086":"\\","2087":"n","2088":"<","2089":"/","2090":"t","2091":"e","2092":"m","2093":"p","2094":"l","2095":"a","2096":"t","2097":"e","2098":">","2099":"\\","2100":"n","2101":"\\","2102":"n","2103":"<","2104":"s","2105":"c","2106":"r","2107":"i","2108":"p","2109":"t","2110":">","2111":"\\","2112":"n","2113":"e","2114":"x","2115":"p","2116":"o","2117":"r","2118":"t","2119":" ","2120":"d","2121":"e","2122":"f","2123":"a","2124":"u","2125":"l","2126":"t","2127":" ","2128":"{","2129":"\\","2130":"n","2131":" ","2132":" ","2133":"n","2134":"a","2135":"m","2136":"e","2137":":","2138":" ","2139":"'","2140":"H","2141":"e","2142":"l","2143":"l","2144":"o","2145":"W","2146":"o","2147":"r","2148":"l","2149":"d","2150":"'","2151":",","2152":"\\","2153":"n","2154":" ","2155":" ","2156":"p","2157":"r","2158":"o","2159":"p","2160":"s","2161":":","2162":" ","2163":"{","2164":"\\","2165":"n","2166":" ","2167":" ","2168":" ","2169":" ","2170":"m","2171":"s","2172":"g","2173":":","2174":" ","2175":"S","2176":"t","2177":"r","2178":"i","2179":"n","2180":"g","2181":"\\","2182":"n","2183":" ","2184":" ","2185":"}","2186":"\\","2187":"n","2188":"}","2189":"\\","2190":"n","2191":"<","2192":"/","2193":"s","2194":"c","2195":"r","2196":"i","2197":"p","2198":"t","2199":">","2200":"\\","2201":"n","2202":"\\","2203":"n","2204":"<","2205":"!","2206":"-","2207":"-","2208":" ","2209":"A","2210":"d","2211":"d","2212":" ","2213":"\\","2214":"\"","2215":"s","2216":"c","2217":"o","2218":"p","2219":"e","2220":"d","2221":"\\","2222":"\"","2223":" ","2224":"a","2225":"t","2226":"t","2227":"r","2228":"i","2229":"b","2230":"u","2231":"t","2232":"e","2233":" ","2234":"t","2235":"o","2236":" ","2237":"l","2238":"i","2239":"m","2240":"i","2241":"t","2242":" ","2243":"C","2244":"S","2245":"S","2246":" ","2247":"t","2248":"o","2249":" ","2250":"t","2251":"h","2252":"i","2253":"s","2254":" ","2255":"c","2256":"o","2257":"m","2258":"p","2259":"o","2260":"n","2261":"e","2262":"n","2263":"t","2264":" ","2265":"o","2266":"n","2267":"l","2268":"y","2269":" ","2270":"-","2271":"-","2272":">","2273":"\\","2274":"n","2275":"<","2276":"s","2277":"t","2278":"y","2279":"l","2280":"e","2281":" ","2282":"s","2283":"c","2284":"o","2285":"p","2286":"e","2287":"d","2288":">","2289":"\\","2290":"n","2291":"h","2292":"3","2293":" ","2294":"{","2295":"\\","2296":"n","2297":" ","2298":" ","2299":"m","2300":"a","2301":"r","2302":"g","2303":"i","2304":"n","2305":":","2306":" ","2307":"4","2308":"0","2309":"p","2310":"x","2311":" ","2312":"0","2313":" ","2314":"0","2315":";","2316":"\\","2317":"n","2318":"}","2319":"\\","2320":"n","2321":"u","2322":"l","2323":" ","2324":"{","2325":"\\","2326":"n","2327":" ","2328":" ","2329":"l","2330":"i","2331":"s","2332":"t","2333":"-","2334":"s","2335":"t","2336":"y","2337":"l","2338":"e","2339":"-","2340":"t","2341":"y","2342":"p","2343":"e","2344":":","2345":" ","2346":"n","2347":"o","2348":"n","2349":"e","2350":";","2351":"\\","2352":"n","2353":" ","2354":" ","2355":"p","2356":"a","2357":"d","2358":"d","2359":"i","2360":"n","2361":"g","2362":":","2363":" ","2364":"0","2365":";","2366":"\\","2367":"n","2368":"}","2369":"\\","2370":"n","2371":"l","2372":"i","2373":" ","2374":"{","2375":"\\","2376":"n","2377":" ","2378":" ","2379":"d","2380":"i","2381":"s","2382":"p","2383":"l","2384":"a","2385":"y","2386":":","2387":" ","2388":"i","2389":"n","2390":"l","2391":"i","2392":"n","2393":"e","2394":"-","2395":"b","2396":"l","2397":"o","2398":"c","2399":"k","2400":";","2401":"\\","2402":"n","2403":" ","2404":" ","2405":"m","2406":"a","2407":"r","2408":"g","2409":"i","2410":"n","2411":":","2412":" ","2413":"0","2414":" ","2415":"1","2416":"0","2417":"p","2418":"x","2419":";","2420":"\\","2421":"n","2422":"}","2423":"\\","2424":"n","2425":"a","2426":" ","2427":"{","2428":"\\","2429":"n","2430":" ","2431":" ","2432":"c","2433":"o","2434":"l","2435":"o","2436":"r","2437":":","2438":" ","2439":"#","2440":"4","2441":"2","2442":"b","2443":"9","2444":"8","2445":"3","2446":";","2447":"\\","2448":"n","2449":"}","2450":"\\","2451":"n","2452":"<","2453":"/","2454":"s","2455":"t","2456":"y","2457":"l","2458":"e","2459":">","2460":"\\","2461":"n","2462":"\"","2463":"]","2464":"}"}}
,"/home/masaya/source/game-todo/gt-front/src/components/TodoList.vue": {"path":"/home/masaya/source/game-todo/gt-front/src/components/TodoList.vue","statementMap":{"0":{"start":{"line":4,"column":0},"end":{"line":6,"column":3}},"1":{"start":{"line":7,"column":0},"end":{"line":7,"column":25}},"2":{"start":{"line":8,"column":15},"end":{"line":24,"column":1}},"3":{"start":{"line":11,"column":4},"end":{"line":22,"column":6}},"4":{"start":{"line":25,"column":0},"end":{"line":25,"column":13}},"5":{"start":{"line":27,"column":0},"end":{"line":29,"column":3}},"6":{"start":{"line":30,"column":0},"end":{"line":30,"column":24}},"7":{"start":{"line":31,"column":11},"end":{"line":31,"column":25}},"8":{"start":{"line":32,"column":32},"end":{"line":32,"column":98}},"9":{"start":{"line":34,"column":2},"end":{"line":38,"column":37}},"10":{"start":{"line":35,"column":4},"end":{"line":37,"column":59}},"11":{"start":{"line":39,"column":2},"end":{"line":39,"column":49}}},"fnMap":{"0":{"name":"(anonymous_0)","decl":{"start":{"line":10,"column":2},"end":{"line":10,"column":3}},"loc":{"start":{"line":10,"column":9},"end":{"line":23,"column":3}},"line":10},"1":{"name":"render","decl":{"start":{"line":33,"column":9},"end":{"line":33,"column":15}},"loc":{"start":{"line":33,"column":30},"end":{"line":39,"column":1}},"line":33},"2":{"name":"(anonymous_2)","decl":{"start":{"line":34,"column":240},"end":{"line":34,"column":241}},"loc":{"start":{"line":34,"column":248},"end":{"line":38,"column":3}},"line":34}},"branchMap":{},"s":{"0":0,"1":0,"2":0,"3":0,"4":0,"5":0,"6":0,"7":0,"8":0,"9":0,"10":0,"11":0},"f":{"0":0,"1":0,"2":0},"b":{},"inputSourceMap":{"0":"{","1":"\"","2":"v","3":"e","4":"r","5":"s","6":"i","7":"o","8":"n","9":"\"","10":":","11":"3","12":",","13":"\"","14":"s","15":"o","16":"u","17":"r","18":"c","19":"e","20":"s","21":"\"","22":":","23":"[","24":"\"","25":"/","26":"h","27":"o","28":"m","29":"e","30":"/","31":"m","32":"a","33":"s","34":"a","35":"y","36":"a","37":"/","38":"s","39":"o","40":"u","41":"r","42":"c","43":"e","44":"/","45":"g","46":"a","47":"m","48":"e","49":"-","50":"t","51":"o","52":"d","53":"o","54":"/","55":"g","56":"t","57":"-","58":"f","59":"r","60":"o","61":"n","62":"t","63":"/","64":"s","65":"r","66":"c","67":"/","68":"c","69":"o","70":"m","71":"p","72":"o","73":"n","74":"e","75":"n","76":"t","77":"s","78":"/","79":"T","80":"o","81":"d","82":"o","83":"L","84":"i","85":"s","86":"t","87":".","88":"v","89":"u","90":"e","91":"\"","92":"]","93":",","94":"\"","95":"n","96":"a","97":"m","98":"e","99":"s","100":"\"","101":":","102":"[","103":"]","104":",","105":"\"","106":"m","107":"a","108":"p","109":"p","110":"i","111":"n","112":"g","113":"s","114":"\"","115":":","116":"\"","117":";","118":";","119":";","120":";","121":";","122":";","123":";","124":"i","125":"C","126":"A","127":"Y","128":"e","129":";","130":"E","131":"A","132":"C","133":"b","134":",","135":"I","136":"A","137":"A","138":"I","139":",","140":"E","141":"A","142":"A","143":"E","144":",","145":"U","146":"A","147":"A","148":"U","149":";","150":"E","151":"A","152":"C","153":"h","154":"B","155":",","156":"I","157":"A","158":"A","159":"I","160":",","161":"G","162":"A","163":"A","164":"G","165":";","166":"I","167":"A","168":"C","169":"L","170":",","171":"O","172":"A","173":"A","174":"O","175":";","176":"M","177":"A","178":"C","179":"L","180":",","181":"K","182":"A","183":"A","184":"K","185":",","186":"E","187":"A","188":"A","189":"E","190":",","191":"C","192":"A","193":"C","194":"L","195":";","196":"Q","197":"A","198":"A","199":"E","200":",","201":"E","202":"A","203":"A","204":"E","205":",","206":"E","207":"A","208":"A","209":"E","210":",","211":"C","212":"A","213":"A","214":"C","215":";","216":"Q","217":"A","218":"A","219":"E","220":",","221":"I","222":"A","223":"A","224":"I","225":",","226":"E","227":"A","228":"A","229":"E","230":";","231":"M","232":"A","233":"A","234":"e","235":",","236":"C","237":"A","238":"A","239":"C","240":",","241":"E","242":"A","243":"C","244":"9","245":"B","246":";","247":"Q","248":"A","249":"A","250":"E","251":",","252":"E","253":"A","254":"A","255":"E","256":",","257":"E","258":"A","259":"A","260":"E","261":",","262":"C","263":"A","264":"A","265":"C","266":";","267":"Q","268":"A","269":"A","270":"E","271":",","272":"I","273":"A","274":"A","275":"I","276":",","277":"E","278":"A","279":"A","280":"E","281":";","282":"M","283":"A","284":"A","285":"o","286":"B","287":",","288":"C","289":"A","290":"A","291":"C","292":",","293":"E","294":"A","295":"C","296":"p","297":"C","298":";","299":"Q","300":"A","301":"A","302":"E","303":",","304":"E","305":"A","306":"A","307":"E","308":",","309":"E","310":"A","311":"A","312":"E","313":",","314":"C","315":"A","316":"A","317":"C","318":";","319":"Q","320":"A","321":"A","322":"E","323":",","324":"I","325":"A","326":"A","327":"I","328":",","329":"E","330":"A","331":"A","332":"E","333":";","334":"M","335":"A","336":"A","337":"w","338":"B","339":",","340":"C","341":"A","342":"A","343":"C","344":";","345":"I","346":"A","347":"E","348":"7","349":"C","350":",","351":"C","352":"A","353":"A","354":"C","355":";","356":"E","357":"A","358":"C","359":"H","360":";","361":"A","362":"A","363":"C","364":"F","365":",","366":"C","367":"A","368":"A","369":"C","370":"\"","371":",","372":"\"","373":"f","374":"i","375":"l","376":"e","377":"\"","378":":","379":"\"","380":"/","381":"h","382":"o","383":"m","384":"e","385":"/","386":"m","387":"a","388":"s","389":"a","390":"y","391":"a","392":"/","393":"s","394":"o","395":"u","396":"r","397":"c","398":"e","399":"/","400":"g","401":"a","402":"m","403":"e","404":"-","405":"t","406":"o","407":"d","408":"o","409":"/","410":"g","411":"t","412":"-","413":"f","414":"r","415":"o","416":"n","417":"t","418":"/","419":"s","420":"r","421":"c","422":"/","423":"c","424":"o","425":"m","426":"p","427":"o","428":"n","429":"e","430":"n","431":"t","432":"s","433":"/","434":"T","435":"o","436":"d","437":"o","438":"L","439":"i","440":"s","441":"t","442":".","443":"v","444":"u","445":"e","446":"\"","447":",","448":"\"","449":"s","450":"o","451":"u","452":"r","453":"c","454":"e","455":"s","456":"C","457":"o","458":"n","459":"t","460":"e","461":"n","462":"t","463":"\"","464":":","465":"[","466":"\"","467":"<","468":"t","469":"e","470":"m","471":"p","472":"l","473":"a","474":"t","475":"e","476":">","477":"\\","478":"n","479":" ","480":" ","481":"<","482":"d","483":"i","484":"v","485":">","486":"\\","487":"n","488":" ","489":" ","490":" ","491":" ","492":"<","493":"h","494":"1","495":">","496":"T","497":"o","498":"D","499":"o","500":"<","501":"/","502":"h","503":"1","504":">","505":"\\","506":"n","507":" ","508":" ","509":" ","510":" ","511":"<","512":"u","513":"l","514":">","515":"\\","516":"n","517":" ","518":" ","519":" ","520":" ","521":" ","522":" ","523":"<","524":"l","525":"i","526":" ","527":"v","528":"-","529":"f","530":"o","531":"r","532":"=","533":"\\","534":"\"","535":"t","536":"o","537":"d","538":"o","539":" ","540":"i","541":"n","542":" ","543":"t","544":"o","545":"d","546":"o","547":"s","548":"\\","549":"\"","550":" ","551":":","552":"k","553":"e","554":"y","555":"=","556":"\\","557":"\"","558":"t","559":"o","560":"d","561":"o","562":".","563":"i","564":"d","565":"\\","566":"\"","567":">","568":"\\","569":"n","570":" ","571":" ","572":" ","573":" ","574":" ","575":" ","576":" ","577":" ","578":"{","579":"{","580":" ","581":"t","582":"o","583":"d","584":"o","585":".","586":"t","587":"e","588":"x","589":"t","590":" ","591":"}","592":"}","593":"\\","594":"n","595":" ","596":" ","597":" ","598":" ","599":" ","600":" ","601":"<","602":"/","603":"l","604":"i","605":">","606":"\\","607":"n","608":" ","609":" ","610":" ","611":" ","612":"<","613":"/","614":"u","615":"l","616":">","617":"\\","618":"n","619":" ","620":" ","621":"<","622":"/","623":"d","624":"i","625":"v","626":">","627":"\\","628":"n","629":"<","630":"/","631":"t","632":"e","633":"m","634":"p","635":"l","636":"a","637":"t","638":"e","639":">","640":"\\","641":"n","642":"\\","643":"n","644":"<","645":"s","646":"c","647":"r","648":"i","649":"p","650":"t","651":">","652":"\\","653":"n","654":"e","655":"x","656":"p","657":"o","658":"r","659":"t","660":" ","661":"d","662":"e","663":"f","664":"a","665":"u","666":"l","667":"t","668":" ","669":"{","670":"\\","671":"n","672":" ","673":" ","674":"n","675":"a","676":"m","677":"e","678":":","679":" ","680":"'","681":"T","682":"o","683":"d","684":"o","685":"L","686":"i","687":"s","688":"t","689":"'","690":",","691":"\\","692":"n","693":" ","694":" ","695":"d","696":"a","697":"t","698":"a","699":"(","700":")","701":" ","702":"{","703":"\\","704":"n","705":" ","706":" ","707":" ","708":" ","709":"r","710":"e","711":"t","712":"u","713":"r","714":"n","715":" ","716":"{","717":"\\","718":"n","719":" ","720":" ","721":" ","722":" ","723":" ","724":" ","725":"t","726":"o","727":"d","728":"o","729":"s","730":":","731":" ","732":"[","733":"\\","734":"n","735":" ","736":" ","737":" ","738":" ","739":" ","740":" ","741":" ","742":" ","743":"{","744":" ","745":"i","746":"d","747":":","748":" ","749":"1","750":",","751":" ","752":"t","753":"e","754":"x","755":"t","756":":","757":" ","758":"'","759":"L","760":"e","761":"a","762":"r","763":"n","764":" ","765":"V","766":"u","767":"e","768":".","769":"j","770":"s","771":"'","772":" ","773":"}","774":"\\","775":"n","776":" ","777":" ","778":" ","779":" ","780":" ","781":" ","782":" ","783":" ","784":",","785":"{","786":" ","787":"i","788":"d","789":":","790":" ","791":"2","792":",","793":" ","794":"t","795":"e","796":"x","797":"t","798":":","799":" ","800":"'","801":"B","802":"u","803":"i","804":"l","805":"d","806":" ","807":"a","808":" ","809":"T","810":"o","811":"d","812":"o","813":" ","814":"L","815":"i","816":"s","817":"t","818":"'","819":" ","820":"}","821":"\\","822":"n","823":" ","824":" ","825":" ","826":" ","827":" ","828":" ","829":" ","830":" ","831":",","832":"{","833":" ","834":"i","835":"d","836":":","837":" ","838":"3","839":",","840":" ","841":"t","842":"e","843":"x","844":"t","845":":","846":" ","847":"'","848":"E","849":"x","850":"p","851":"l","852":"o","853":"r","854":"e","855":" ","856":"m","857":"o","858":"r","859":"e","860":" ","861":"p","862":"r","863":"o","864":"j","865":"e","866":"c","867":"t","868":"s","869":"'","870":" ","871":"}","872":"\\","873":"n","874":" ","875":" ","876":" ","877":" ","878":" ","879":" ","880":"]","881":"\\","882":"n","883":" ","884":" ","885":" ","886":" ","887":"}","888":"\\","889":"n","890":" ","891":" ","892":"}","893":"\\","894":"n","895":"}","896":"\\","897":"n","898":"<","899":"/","900":"s","901":"c","902":"r","903":"i","904":"p","905":"t","906":">","907":"\"","908":"]","909":"}"}}
}
